# JRE version: Java(TM) SE Runtime Environment (8.0_45-b14) (build 1.8.0_45-b14)
# Java VM: Java HotSpot(TM) 64-Bit Server VM (25.45-b02 mixed mode bsd-amd64 compressed oops)
Heap:
 PSYoungGen      total 76288K, used 31346K [0x000000076ab00000, 0x0000000770000000, 0x00000007c0000000)
  eden space 65536K, 47% used [0x000000076ab00000,0x000000076c99ca30,0x000000076eb00000)
  from space 10752K, 0% used [0x000000076eb00000,0x000000076eb00000,0x000000076f580000)
  to   space 10752K, 0% used [0x000000076f580000,0x000000076f580000,0x0000000770000000)
 ParOldGen       total 123904K, used 9545K [0x00000006c0000000, 0x00000006c7900000, 0x000000076ab00000)
  object space 123904K, 7% used [0x00000006c0000000,0x00000006c09525f0,0x00000006c7900000)
 Metaspace       used 24569K, capacity 25470K, committed 25648K, reserved 1071104K
  class space    used 3427K, capacity 3630K, committed 3632K, reserved 1048576K
GC Heap History (4 events):
Event: 1.469 GC heap before
{Heap before GC invocations=1 (full 0):
 PSYoungGen      total 76288K, used 55753K [0x000000076ab00000, 0x0000000770000000, 0x00000007c0000000)
  eden space 65536K, 85% used [0x000000076ab00000,0x000000076e172510,0x000000076eb00000)
  from space 10752K, 0% used [0x000000076f580000,0x000000076f580000,0x0000000770000000)
  to   space 10752K, 0% used [0x000000076eb00000,0x000000076eb00000,0x000000076f580000)
 ParOldGen       total 175104K, used 0K [0x00000006c0000000, 0x00000006cab00000, 0x000000076ab00000)
  object space 175104K, 0% used [0x00000006c0000000,0x00000006c0000000,0x00000006cab00000)
 Metaspace       used 20820K, capacity 21276K, committed 21296K, reserved 1067008K
  class space    used 2707K, capacity 2855K, committed 2864K, reserved 1048576K
Event: 1.478 GC heap after
Heap after GC invocations=1 (full 0):
 PSYoungGen      total 76288K, used 9883K [0x000000076ab00000, 0x0000000770000000, 0x00000007c0000000)
  eden space 65536K, 0% used [0x000000076ab00000,0x000000076ab00000,0x000000076eb00000)
  from space 10752K, 91% used [0x000000076eb00000,0x000000076f4a6d90,0x000000076f580000)
  to   space 10752K, 0% used [0x000000076f580000,0x000000076f580000,0x0000000770000000)
 ParOldGen       total 175104K, used 80K [0x00000006c0000000, 0x00000006cab00000, 0x000000076ab00000)
  object space 175104K, 0% used [0x00000006c0000000,0x00000006c0014010,0x00000006cab00000)
 Metaspace       used 20820K, capacity 21276K, committed 21296K, reserved 1067008K
  class space    used 2707K, capacity 2855K, committed 2864K, reserved 1048576K
}
Event: 1.478 GC heap before
{Heap before GC invocations=2 (full 1):
 PSYoungGen      total 76288K, used 9883K [0x000000076ab00000, 0x0000000770000000, 0x00000007c0000000)
  eden space 65536K, 0% used [0x000000076ab00000,0x000000076ab00000,0x000000076eb00000)
  from space 10752K, 91% used [0x000000076eb00000,0x000000076f4a6d90,0x000000076f580000)
  to   space 10752K, 0% used [0x000000076f580000,0x000000076f580000,0x0000000770000000)
 ParOldGen       total 175104K, used 80K [0x00000006c0000000, 0x00000006cab00000, 0x000000076ab00000)
  object space 175104K, 0% used [0x00000006c0000000,0x00000006c0014010,0x00000006cab00000)
 Metaspace       used 20820K, capacity 21276K, committed 21296K, reserved 1067008K
  class space    used 2707K, capacity 2855K, committed 2864K, reserved 1048576K
Event: 1.502 GC heap after
Heap after GC invocations=2 (full 1):
 PSYoungGen      total 76288K, used 0K [0x000000076ab00000, 0x0000000770000000, 0x00000007c0000000)
  eden space 65536K, 0% used [0x000000076ab00000,0x000000076ab00000,0x000000076eb00000)
  from space 10752K, 0% used [0x000000076eb00000,0x000000076eb00000,0x000000076f580000)
  to   space 10752K, 0% used [0x000000076f580000,0x000000076f580000,0x0000000770000000)
 ParOldGen       total 123904K, used 9545K [0x00000006c0000000, 0x00000006c7900000, 0x000000076ab00000)
  object space 123904K, 7% used [0x00000006c0000000,0x00000006c09525f0,0x00000006c7900000)
 Metaspace       used 20820K, capacity 21276K, committed 21296K, reserved 1067008K
  class space    used 2707K, capacity 2855K, committed 2864K, reserved 1048576K
}

